<?xml version="1.0" encoding="UTF-8"?>
<testng-results ignored="0" total="4" passed="3" failed="1" skipped="0">
  <reporter-output>
  </reporter-output>
  <suite started-at="2022-05-15T16:19:44 IST" name="LoginSuite" finished-at="2022-05-15T16:21:06 IST" duration-ms="82596">
    <groups>
    </groups>
    <test started-at="2022-05-15T16:19:44 IST" name="LoginTest_chrome" finished-at="2022-05-15T16:20:19 IST" duration-ms="35279">
      <class name="com.Test.Test_1">
        <test-method is-config="true" signature="setUp(java.lang.String)[pri:0, instance:com.Test.Test_1@14555e0a]" started-at="2022-05-15T16:19:44 IST" name="setUp" finished-at="2022-05-15T16:19:48 IST" duration-ms="4303" status="PASS">
          <params>
            <param index="0">
              <value>
                <![CDATA[Chrome]]>
              </value>
            </param>
          </params>
          <reporter-output>
          </reporter-output>
        </test-method> <!-- setUp -->
        <test-method signature="verifyTest_1()[pri:0, instance:com.Test.Test_1@14555e0a]" started-at="2022-05-15T16:19:48 IST" name="verifyTest_1" finished-at="2022-05-15T16:20:00 IST" duration-ms="11858" status="PASS">
          <reporter-output>
          </reporter-output>
        </test-method> <!-- verifyTest_1 -->
        <test-method is-config="true" signature="tearDown()[pri:0, instance:com.Test.Test_1@14555e0a]" started-at="2022-05-15T16:20:00 IST" name="tearDown" finished-at="2022-05-15T16:20:01 IST" duration-ms="803" status="PASS">
          <reporter-output>
          </reporter-output>
        </test-method> <!-- tearDown -->
        <test-method is-config="true" signature="setUp(java.lang.String)[pri:0, instance:com.Test.Test_1@14555e0a]" started-at="2022-05-15T16:20:01 IST" name="setUp" finished-at="2022-05-15T16:20:06 IST" duration-ms="5746" status="PASS">
          <params>
            <param index="0">
              <value>
                <![CDATA[Chrome]]>
              </value>
            </param>
          </params>
          <reporter-output>
          </reporter-output>
        </test-method> <!-- setUp -->
        <test-method signature="verifyTest_2()[pri:0, instance:com.Test.Test_1@14555e0a]" started-at="2022-05-15T16:20:06 IST" name="verifyTest_2" finished-at="2022-05-15T16:20:18 IST" duration-ms="11676" status="FAIL">
          <exception class="org.junit.ComparisonFailure">
            <message>
              <![CDATA[expected:<[Log in to Facebook]> but was:<[Facebook – log in or sign up]>]]>
            </message>
            <full-stacktrace>
              <![CDATA[org.junit.ComparisonFailure: expected:<[Log in to Facebook]> but was:<[Facebook – log in or sign up]>
at org.junit.Assert.assertEquals(Assert.java:115)
at org.junit.Assert.assertEquals(Assert.java:144)
at com.Test.Test_1.verifyTest_2(Test_1.java:39)
at java.base/jdk.internal.reflect.NativeMethodAccessorImpl.invoke0(Native Method)
at java.base/jdk.internal.reflect.NativeMethodAccessorImpl.invoke(NativeMethodAccessorImpl.java:62)
at java.base/jdk.internal.reflect.DelegatingMethodAccessorImpl.invoke(DelegatingMethodAccessorImpl.java:43)
at java.base/java.lang.reflect.Method.invoke(Method.java:566)
at org.testng.internal.MethodInvocationHelper.invokeMethod(MethodInvocationHelper.java:133)
at org.testng.internal.TestInvoker.invokeMethod(TestInvoker.java:598)
at org.testng.internal.TestInvoker.invokeTestMethod(TestInvoker.java:173)
at org.testng.internal.MethodRunner.runInSequence(MethodRunner.java:46)
at org.testng.internal.TestInvoker$MethodInvocationAgent.invoke(TestInvoker.java:824)
at org.testng.internal.TestInvoker.invokeTestMethods(TestInvoker.java:146)
at org.testng.internal.TestMethodWorker.invokeTestMethods(TestMethodWorker.java:146)
at org.testng.internal.TestMethodWorker.run(TestMethodWorker.java:128)
at java.base/java.util.ArrayList.forEach(ArrayList.java:1540)
at org.testng.TestRunner.privateRun(TestRunner.java:794)
at org.testng.TestRunner.run(TestRunner.java:596)
at org.testng.SuiteRunner.runTest(SuiteRunner.java:377)
at org.testng.SuiteRunner.runSequentially(SuiteRunner.java:371)
at org.testng.SuiteRunner.privateRun(SuiteRunner.java:332)
at org.testng.SuiteRunner.run(SuiteRunner.java:276)
at org.testng.SuiteRunnerWorker.runSuite(SuiteRunnerWorker.java:53)
at org.testng.SuiteRunnerWorker.run(SuiteRunnerWorker.java:96)
at org.testng.TestNG.runSuitesSequentially(TestNG.java:1212)
at org.testng.TestNG.runSuitesLocally(TestNG.java:1134)
at org.testng.TestNG.runSuites(TestNG.java:1063)
at org.testng.TestNG.run(TestNG.java:1031)
at org.testng.remote.AbstractRemoteTestNG.run(AbstractRemoteTestNG.java:115)
at org.testng.remote.RemoteTestNG.initAndRun(RemoteTestNG.java:251)
at org.testng.remote.RemoteTestNG.main(RemoteTestNG.java:77)
]]>
            </full-stacktrace>
          </exception> <!-- org.junit.ComparisonFailure -->
          <reporter-output>
          </reporter-output>
        </test-method> <!-- verifyTest_2 -->
        <test-method is-config="true" signature="tearDown()[pri:0, instance:com.Test.Test_1@14555e0a]" started-at="2022-05-15T16:20:18 IST" name="tearDown" finished-at="2022-05-15T16:20:19 IST" duration-ms="823" status="PASS">
          <reporter-output>
          </reporter-output>
        </test-method> <!-- tearDown -->
      </class> <!-- com.Test.Test_1 -->
    </test> <!-- LoginTest_chrome -->
    <test started-at="2022-05-15T16:20:19 IST" name="LoginTest_Edge" finished-at="2022-05-15T16:21:06 IST" duration-ms="47286">
      <class name="com.Test.Test_1">
        <test-method is-config="true" signature="setUp(java.lang.String)[pri:0, instance:com.Test.Test_1@7bab3f1a]" started-at="2022-05-15T16:20:19 IST" name="setUp" finished-at="2022-05-15T16:20:28 IST" duration-ms="9152" status="PASS">
          <params>
            <param index="0">
              <value>
                <![CDATA[Edge]]>
              </value>
            </param>
          </params>
          <reporter-output>
          </reporter-output>
        </test-method> <!-- setUp -->
        <test-method signature="verifyTest_1()[pri:0, instance:com.Test.Test_1@7bab3f1a]" started-at="2022-05-15T16:20:28 IST" name="verifyTest_1" finished-at="2022-05-15T16:20:43 IST" duration-ms="14964" status="PASS">
          <reporter-output>
          </reporter-output>
        </test-method> <!-- verifyTest_1 -->
        <test-method is-config="true" signature="tearDown()[pri:0, instance:com.Test.Test_1@7bab3f1a]" started-at="2022-05-15T16:20:43 IST" name="tearDown" finished-at="2022-05-15T16:20:44 IST" duration-ms="911" status="PASS">
          <reporter-output>
          </reporter-output>
        </test-method> <!-- tearDown -->
        <test-method is-config="true" signature="setUp(java.lang.String)[pri:0, instance:com.Test.Test_1@7bab3f1a]" started-at="2022-05-15T16:20:44 IST" name="setUp" finished-at="2022-05-15T16:20:52 IST" duration-ms="8549" status="PASS">
          <params>
            <param index="0">
              <value>
                <![CDATA[Edge]]>
              </value>
            </param>
          </params>
          <reporter-output>
          </reporter-output>
        </test-method> <!-- setUp -->
        <test-method signature="verifyTest_2()[pri:0, instance:com.Test.Test_1@7bab3f1a]" started-at="2022-05-15T16:20:52 IST" name="verifyTest_2" finished-at="2022-05-15T16:21:05 IST" duration-ms="12827" status="PASS">
          <reporter-output>
          </reporter-output>
        </test-method> <!-- verifyTest_2 -->
        <test-method is-config="true" signature="tearDown()[pri:0, instance:com.Test.Test_1@7bab3f1a]" started-at="2022-05-15T16:21:05 IST" name="tearDown" finished-at="2022-05-15T16:21:06 IST" duration-ms="870" status="PASS">
          <reporter-output>
          </reporter-output>
        </test-method> <!-- tearDown -->
      </class> <!-- com.Test.Test_1 -->
    </test> <!-- LoginTest_Edge -->
  </suite> <!-- LoginSuite -->
</testng-results>
