<?xml version="1.0" encoding="UTF-8"?>
<!-- Generated by org.testng.reporters.JUnitXMLReporter -->
<testsuite ignored="0" hostname="DESKTOP-QVM6J4J" failures="1" tests="2" name="LoginTest_chrome" time="35.279" errors="0" timestamp="2022-05-15T16:20:19 IST">
  <testcase classname="com.Test.Test_1" name="verifyTest_1" time="11.858"/>
  <testcase classname="com.Test.Test_1" name="verifyTest_2" time="11.676">
    <failure type="org.junit.ComparisonFailure" message="expected:&amp;lt;[Log in to Facebook]&amp;gt; but was:&amp;lt;[Facebook – log in or sign up]&amp;gt;">
      <![CDATA[org.junit.ComparisonFailure: expected:<[Log in to Facebook]> but was:<[Facebook – log in or sign up]>
at org.junit.Assert.assertEquals(Assert.java:115)
at org.junit.Assert.assertEquals(Assert.java:144)
at com.Test.Test_1.verifyTest_2(Test_1.java:39)
at java.base/java.util.ArrayList.forEach(ArrayList.java:1540)
... Removed 27 stack frames]]>
    </failure>
  </testcase> <!-- verifyTest_2 -->
</testsuite> <!-- LoginTest_chrome -->
